This is e-pTeX, Version 3.141592653-p4.0.0-220214-2.6 (utf8.euc) (TeX Live 2022) (preloaded format=platex 2022.4.22)  4 NOV 2024 18:44
entering extended mode
 restricted \write18 enabled.
 file:line:error style messages enabled.
 %&-line parsing enabled.
**/Users/minami/class/research/master_thesis/submission.tex
(/Users/minami/class/research/master_thesis/submission.tex
pLaTeX2e <2021-11-15> (based on LaTeX2e <2021-11-15> patch level 1)
L3 programming layer <2022-04-20> (/usr/local/texlive/2022/texmf-dist/tex/platex/base/jarticle.cls
Document Class: jarticle 2020/09/30 v1.8f Standard pLaTeX class
\c@@paper=\count184
(/usr/local/texlive/2022/texmf-dist/tex/platex/base/jsize12.clo
File: jsize12.clo 2020/09/30 v1.8f Standard pLaTeX file (size option)
)
\c@part=\count185
\c@section=\count186
\c@subsection=\count187
\c@subsubsection=\count188
\c@paragraph=\count189
\c@subparagraph=\count190
\c@figure=\count191
\c@table=\count192
\abovecaptionskip=\skip47
\belowcaptionskip=\skip48
\symmincho=\mathgroup4
LaTeX Font Info:    Overwriting symbol font `mincho' in version `bold'
(Font)                  JY1/mc/m/n --> JY1/gt/m/n on input line 615.
\toclineskip=\dimen154
\@lnumwidth=\dimen155
\bibindent=\dimen156
\heisei=\count193
) (/usr/local/texlive/2022/texmf-dist/tex/latex/base/inputenc.sty
Package: inputenc 2021/02/14 v1.3d Input encoding file
\inpenc@prehook=\toks17
\inpenc@posthook=\toks18
) (/usr/local/texlive/2022/texmf-dist/tex/latex/geometry/geometry.sty
Package: geometry 2020/01/02 v5.9 Page Geometry
(/usr/local/texlive/2022/texmf-dist/tex/latex/graphics/keyval.sty
Package: keyval 2014/10/28 v1.15 key=value parser (DPC)
\KV@toks@=\toks19
) (/usr/local/texlive/2022/texmf-dist/tex/generic/iftex/ifvtex.sty
Package: ifvtex 2019/10/25 v1.7 ifvtex legacy package. Use iftex instead.
(/usr/local/texlive/2022/texmf-dist/tex/generic/iftex/iftex.sty
Package: iftex 2022/02/03 v1.0f TeX engine tests
))
\Gm@cnth=\count194
\Gm@cntv=\count195
\c@Gm@tempcnt=\count196
\Gm@bindingoffset=\dimen157
\Gm@wd@mp=\dimen158
\Gm@odd@mp=\dimen159
\Gm@even@mp=\dimen160
\Gm@layoutwidth=\dimen161
\Gm@layoutheight=\dimen162
\Gm@layouthoffset=\dimen163
\Gm@layoutvoffset=\dimen164
\Gm@dimlist=\toks20
) (/usr/local/texlive/2022/texmf-dist/tex/latex/amsmath/amsmath.sty
Package: amsmath 2021/10/15 v2.17l AMS math features
\@mathmargin=\skip49
For additional information on amsmath, use the `?' option.
(/usr/local/texlive/2022/texmf-dist/tex/latex/amsmath/amstext.sty
Package: amstext 2021/08/26 v2.01 AMS text
(/usr/local/texlive/2022/texmf-dist/tex/latex/amsmath/amsgen.sty
File: amsgen.sty 1999/11/30 v2.0 generic functions
\@emptytoks=\toks21
\ex@=\dimen165
)) (/usr/local/texlive/2022/texmf-dist/tex/latex/amsmath/amsbsy.sty
Package: amsbsy 1999/11/29 v1.2d Bold Symbols
\pmbraise@=\dimen166
) (/usr/local/texlive/2022/texmf-dist/tex/latex/amsmath/amsopn.sty
Package: amsopn 2021/08/26 v2.02 operator names
)
\inf@bad=\count197
LaTeX Info: Redefining \frac on input line 234.
\uproot@=\count198
\leftroot@=\count199
LaTeX Info: Redefining \overline on input line 399.
\classnum@=\count266
\DOTSCASE@=\count267
LaTeX Info: Redefining \ldots on input line 496.
LaTeX Info: Redefining \dots on input line 499.
LaTeX Info: Redefining \cdots on input line 620.
\Mathstrutbox@=\box67
\strutbox@=\box68
\big@size=\dimen167
LaTeX Font Info:    Redeclaring font encoding OML on input line 743.
LaTeX Font Info:    Redeclaring font encoding OMS on input line 744.
\macc@depth=\count268
\c@MaxMatrixCols=\count269
\dotsspace@=\muskip16
\c@parentequation=\count270
\dspbrk@lvl=\count271
\tag@help=\toks22
\row@=\count272
\column@=\count273
\maxfields@=\count274
\andhelp@=\toks23
\eqnshift@=\dimen168
\alignsep@=\dimen169
\tagshift@=\dimen170
\tagwidth@=\dimen171
\totwidth@=\dimen172
\lineht@=\dimen173
\@envbody=\toks24
\multlinegap=\skip50
\multlinetaggap=\skip51
\mathdisplay@stack=\toks25
LaTeX Info: Redefining \[ on input line 2938.
LaTeX Info: Redefining \] on input line 2939.
) (/usr/local/texlive/2022/texmf-dist/tex/latex/amsfonts/amssymb.sty
Package: amssymb 2013/01/14 v3.01 AMS font symbols
(/usr/local/texlive/2022/texmf-dist/tex/latex/amsfonts/amsfonts.sty
Package: amsfonts 2013/01/14 v3.01 Basic AMSFonts support
\symAMSa=\mathgroup5
\symAMSb=\mathgroup6
LaTeX Font Info:    Redeclaring math symbol \hbar on input line 98.
LaTeX Font Info:    Overwriting math alphabet `\mathfrak' in version `bold'
(Font)                  U/euf/m/n --> U/euf/b/n on input line 106.
)) (/usr/local/texlive/2022/texmf-dist/tex/latex/mathtools/mathtools.sty
Package: mathtools 2022/02/07 v1.28a mathematical typesetting tools
(/usr/local/texlive/2022/texmf-dist/tex/latex/tools/calc.sty
Package: calc 2017/05/25 v4.3 Infix arithmetic (KKT,FJ)
\calc@Acount=\count275
\calc@Bcount=\count276
\calc@Adimen=\dimen174
\calc@Bdimen=\dimen175
\calc@Askip=\skip52
\calc@Bskip=\skip53
LaTeX Info: Redefining \setlength on input line 80.
LaTeX Info: Redefining \addtolength on input line 81.
\calc@Ccount=\count277
\calc@Cskip=\skip54
) (/usr/local/texlive/2022/texmf-dist/tex/latex/mathtools/mhsetup.sty
Package: mhsetup 2021/03/18 v1.4 programming setup (MH)
)
\g_MT_multlinerow_int=\count278
\l_MT_multwidth_dim=\dimen176
\origjot=\skip55
\l_MT_shortvdotswithinadjustabove_dim=\dimen177
\l_MT_shortvdotswithinadjustbelow_dim=\dimen178
\l_MT_above_intertext_sep=\dimen179
\l_MT_below_intertext_sep=\dimen180
\l_MT_above_shortintertext_sep=\dimen181
\l_MT_below_shortintertext_sep=\dimen182
\xmathstrut@box=\box69
\xmathstrut@dim=\dimen183
) (/usr/local/texlive/2022/texmf-dist/tex/latex/siunitx/siunitx.sty
Package: siunitx 2022-04-04 v3.0.50 A comprehensive (SI) units package
\l__siunitx_angle_tmp_dim=\dimen184
\l__siunitx_angle_marker_box=\box70
\l__siunitx_angle_unit_box=\box71
\l__siunitx_compound_count_int=\count279
(/usr/local/texlive/2022/texmf-dist/tex/latex/translations/translations.sty
Package: translations 2022/02/05 v1.12 internationalization of LaTeX2e packages (CN)
(/usr/local/texlive/2022/texmf-dist/tex/latex/etoolbox/etoolbox.sty
Package: etoolbox 2020/10/05 v2.5k e-TeX tools for LaTeX (JAW)
\etb@tempcnta=\count280
) (/usr/local/texlive/2022/texmf-dist/tex/generic/pdftexcmds/pdftexcmds.sty
Package: pdftexcmds 2020-06-27 v0.33 Utility functions of pdfTeX for LuaTeX (HO)
(/usr/local/texlive/2022/texmf-dist/tex/generic/infwarerr/infwarerr.sty
Package: infwarerr 2019/12/03 v1.5 Providing info/warning/error messages (HO)
) (/usr/local/texlive/2022/texmf-dist/tex/generic/ltxcmds/ltxcmds.sty
Package: ltxcmds 2020-05-10 v1.25 LaTeX kernel commands for general use (HO)
)
Package pdftexcmds Info: \pdf@primitive is available.
Package pdftexcmds Info: \pdf@ifprimitive is available.
Package pdftexcmds Info: \pdfdraftmode not found.
))
\l__siunitx_number_exponent_fixed_int=\count281
\l__siunitx_number_min_decimal_int=\count282
\l__siunitx_number_min_integer_int=\count283
\l__siunitx_number_round_precision_int=\count284
\l__siunitx_number_group_minimum_int=\count285
\l__siunitx_table_tmp_box=\box72
\l__siunitx_table_tmp_dim=\dimen185
\l__siunitx_table_column_width_dim=\dimen186
\l__siunitx_table_integer_box=\box73
\l__siunitx_table_decimal_box=\box74
\l__siunitx_table_before_box=\box75
\l__siunitx_table_after_box=\box76
\l__siunitx_table_before_dim=\dimen187
\l__siunitx_table_carry_dim=\dimen188
\l__siunitx_unit_tmp_int=\count286
\l__siunitx_unit_position_int=\count287
\l__siunitx_unit_total_int=\count288
(/usr/local/texlive/2022/texmf-dist/tex/latex/l3packages/l3keys2e/l3keys2e.sty (/usr/local/texlive/2022/texmf-dist/tex/latex/l3kernel/expl3.sty
Package: expl3 2022-04-20 L3 programming layer (loader) 
(/usr/local/texlive/2022/texmf-dist/tex/latex/l3backend/l3backend-dvips.def
File: l3backend-dvips.def 2022-04-20 L3 backend support: dvips
\l__pdf_internal_box=\box77
\g__pdf_backend_object_int=\count289
\l__pdf_backend_content_box=\box78
\l__pdf_backend_model_box=\box79
\g__pdf_backend_annotation_int=\count290
\g__pdf_backend_link_int=\count291
\g__pdf_backend_link_sf_int=\count292
))
Package: l3keys2e 2022-01-12 LaTeX2e option processing using LaTeX3 keys
) (/usr/local/texlive/2022/texmf-dist/tex/latex/tools/array.sty
Package: array 2021/10/04 v2.5f Tabular extension package (FMi)
\col@sep=\dimen189
\ar@mcellbox=\box80
\extrarowheight=\dimen190
\NC@list=\toks26
\extratabsurround=\skip56
\backup@length=\skip57
\ar@cellbox=\box81
)) (/usr/local/texlive/2022/texmf-dist/tex/latex/tools/bm.sty
Package: bm 2021/04/25 v1.2e Bold Symbol Support (DPC/FMi)
\symboldoperators=\mathgroup7
\symboldletters=\mathgroup8
\symboldsymbols=\mathgroup9
Package bm Info: No bold for \OMX/cmex/m/n, using \pmb.
\symboldmincho=\mathgroup10
Package bm Info: No bold for \U/msa/m/n, using \pmb.
Package bm Info: No bold for \U/msb/m/n, using \pmb.
LaTeX Font Info:    Redeclaring math alphabet \mathbf on input line 149.
) (/usr/local/texlive/2022/texmf-dist/tex/latex/graphics/graphicx.sty
Package: graphicx 2021/09/16 v1.2d Enhanced LaTeX Graphics (DPC,SPQR)
(/usr/local/texlive/2022/texmf-dist/tex/latex/graphics/graphics.sty
Package: graphics 2021/03/04 v1.4d Standard LaTeX Graphics (DPC,SPQR)
(/usr/local/texlive/2022/texmf-dist/tex/latex/graphics/trig.sty
Package: trig 2021/08/11 v1.11 sin cos tan (DPC)
) (/usr/local/texlive/2022/texmf-dist/tex/latex/graphics-cfg/graphics.cfg
File: graphics.cfg 2016/06/04 v1.11 sample graphics configuration
)
Package graphics Info: Driver file: dvipdfmx.def on input line 107.
(/usr/local/texlive/2022/texmf-dist/tex/latex/graphics-def/dvipdfmx.def
File: dvipdfmx.def 2022/04/16 v5.0l Graphics/color driver for dvipdfmx
))
\Gin@req@height=\dimen191
\Gin@req@width=\dimen192
) (/usr/local/texlive/2022/texmf-dist/tex/latex/graphics/color.sty
Package: color 2021/12/07 v1.3c Standard LaTeX Color (DPC)
(/usr/local/texlive/2022/texmf-dist/tex/latex/graphics-cfg/color.cfg
File: color.cfg 2016/01/02 v1.6 sample color configuration
)
Package color Info: Driver file: dvipdfmx.def on input line 149.
(/usr/local/texlive/2022/texmf-dist/tex/latex/graphics/dvipsnam.def
File: dvipsnam.def 2016/06/17 v3.0m Driver-dependent file (DPC,SPQR)
)) (/usr/local/texlive/2022/texmf-dist/tex/latex/caption/subcaption.sty
Package: subcaption 2022/01/07 v1.5 Sub-captions (AR)
(/usr/local/texlive/2022/texmf-dist/tex/latex/caption/caption.sty
Package: caption 2022/03/01 v3.6b Customizing captions (AR)
(/usr/local/texlive/2022/texmf-dist/tex/latex/caption/caption3.sty
Package: caption3 2022/03/17 v2.3b caption3 kernel (AR)
\caption@tempdima=\dimen193
\captionmargin=\dimen194
\caption@leftmargin=\dimen195
\caption@rightmargin=\dimen196
\caption@width=\dimen197
\caption@indent=\dimen198
\caption@parindent=\dimen199
\caption@hangindent=\dimen256
Package caption Info: Unknown document class (or package),
(caption)             standard defaults will be used.
Package caption Info: \@makecaption = \long macro:#1#2->\vskip \abovecaptionskip \iftdir \sbox \@tempboxa {#1\hskip 1zw#2}\else \sbox \@tempboxa {#1: #2}\fi \ifdim \wd \@tempboxa >\hsize \iftdir #1\hskip 1zw#2\relax \par \else #1: #2\relax \par \fi \else \global \@minipagefalse \hb@xt@ \hsize {\hfil \box \@tempboxa \hfil }\fi \vskip \belowcaptionskip  on input line 1176.
)

Package caption Warning: Unknown document class (or package),
(caption)                standard defaults will be used.
See the caption package documentation for explanation.

\c@caption@flags=\count293
\c@continuedfloat=\count294
)
\c@subfigure=\count295
\c@subtable=\count296
) (/usr/local/texlive/2022/texmf-dist/tex/latex/booktabs/booktabs.sty
Package: booktabs 2020/01/12 v1.61803398 Publication quality tables
\heavyrulewidth=\dimen257
\lightrulewidth=\dimen258
\cmidrulewidth=\dimen259
\belowrulesep=\dimen260
\belowbottomsep=\dimen261
\aboverulesep=\dimen262
\abovetopsep=\dimen263
\cmidrulesep=\dimen264
\cmidrulekern=\dimen265
\defaultaddspace=\dimen266
\@cmidla=\count297
\@cmidlb=\count298
\@aboverulesep=\dimen267
\@belowrulesep=\dimen268
\@thisruleclass=\count299
\@lastruleclass=\count300
\@thisrulewidth=\dimen269
) (/usr/local/texlive/2022/texmf-dist/tex/latex/tools/tabularx.sty
Package: tabularx 2020/01/15 v2.11c `tabularx' package (DPC)
\TX@col@width=\dimen270
\TX@old@table=\dimen271
\TX@old@col=\dimen272
\TX@target=\dimen273
\TX@delta=\dimen274
\TX@cols=\count301
\TX@ftn=\toks27
) (/usr/local/texlive/2022/texmf-dist/tex/latex/tocloft/tocloft.sty
Package: tocloft 2017/08/31 v2.3i parameterised ToC, etc., typesetting
Package tocloft Info: The document has section divisions on input line 51.
\cftparskip=\skip58
\cftbeforetoctitleskip=\skip59
\cftaftertoctitleskip=\skip60
\cftbeforepartskip=\skip61
\cftpartnumwidth=\skip62
\cftpartindent=\skip63
\cftbeforesecskip=\skip64
\cftsecindent=\skip65
\cftsecnumwidth=\skip66
\cftbeforesubsecskip=\skip67
\cftsubsecindent=\skip68
\cftsubsecnumwidth=\skip69
\cftbeforesubsubsecskip=\skip70
\cftsubsubsecindent=\skip71
\cftsubsubsecnumwidth=\skip72
\cftbeforeparaskip=\skip73
\cftparaindent=\skip74
\cftparanumwidth=\skip75
\cftbeforesubparaskip=\skip76
\cftsubparaindent=\skip77
\cftsubparanumwidth=\skip78
\cftbeforeloftitleskip=\skip79
\cftafterloftitleskip=\skip80
\cftbeforefigskip=\skip81
\cftfigindent=\skip82
\cftfignumwidth=\skip83
\c@lofdepth=\count302
\c@lotdepth=\count303
\cftbeforelottitleskip=\skip84
\cftafterlottitleskip=\skip85
\cftbeforetabskip=\skip86
\cfttabindent=\skip87
\cfttabnumwidth=\skip88
) (/usr/local/texlive/2022/texmf-dist/tex/latex/tools/enumerate.sty
Package: enumerate 2015/07/23 v3.00 enumerate extensions (DPC)
\@enLab=\toks28
) (/usr/local/texlive/2022/texmf-dist/tex/latex/url/url.sty
\Urlmuskip=\muskip17
Package: url 2013/09/16  ver 3.4  Verb mode for urls, etc.
) (/usr/local/texlive/2022/texmf-dist/tex/latex/multirow/multirow.sty
Package: multirow 2021/03/15 v2.8 Span multiple rows of a table
\multirow@colwidth=\skip89
\multirow@cntb=\count304
\multirow@dima=\skip90
\bigstrutjot=\dimen275
) (/usr/local/texlive/2022/texmf-dist/tex/latex/enumitem/enumitem.sty
Package: enumitem 2019/06/20 v3.9 Customized lists
\labelindent=\skip91
\enit@outerparindent=\dimen276
\enit@toks=\toks29
\enit@inbox=\box82
\enit@count@id=\count305
\enitdp@description=\count306
) (/usr/local/texlive/2022/texmf-dist/tex/latex/makecell/makecell.sty
Package: makecell 2009/08/03 V0.1e Managing of Tab Column Heads and Cells
\rotheadsize=\dimen277
\c@nlinenum=\count307
\TeXr@lab=\toks30
) (/usr/local/texlive/2022/texmf-dist/tex/latex/algorithms/algorithm.sty
Package: algorithm 2009/08/24 v0.1 Document Style `algorithm' - floating environment
(/usr/local/texlive/2022/texmf-dist/tex/latex/float/float.sty
Package: float 2001/11/08 v1.3d Float enhancements (AL)
\c@float@type=\count308
\float@exts=\toks31
\float@box=\box83
\@float@everytoks=\toks32
\@floatcapt=\box84
) (/usr/local/texlive/2022/texmf-dist/tex/latex/base/ifthen.sty
Package: ifthen 2020/11/24 v1.1c Standard LaTeX ifthen package (DPC)
)
\@float@every@algorithm=\toks33
\c@algorithm=\count309
) (/usr/local/texlive/2022/texmf-dist/tex/latex/algorithmicx/algpseudocode.sty
Package: algpseudocode 
(/usr/local/texlive/2022/texmf-dist/tex/latex/algorithmicx/algorithmicx.sty
Package: algorithmicx 2005/04/27 v1.2 Algorithmicx
Document Style algorithmicx 1.2 - a greatly improved `algorithmic' style
\c@ALG@line=\count310
\c@ALG@rem=\count311
\c@ALG@nested=\count312
\ALG@tlm=\skip92
\ALG@thistlm=\skip93
\c@ALG@Lnr=\count313
\c@ALG@blocknr=\count314
\c@ALG@storecount=\count315
\c@ALG@tmpcounter=\count316
\ALG@tmplength=\skip94
)
Document Style - pseudocode environments for use with the `algorithmicx' style
)
\figcaptionskip=\skip95
\tabcaptionskip=\skip96
Package translations Info: No language package found. I am going to use `english' as default language. on input line 47.
(latex-output/submission.aux)
\openout1 = `submission.aux'.

LaTeX Font Info:    Checking defaults for OML/cmm/m/it on input line 47.
LaTeX Font Info:    ... okay on input line 47.
LaTeX Font Info:    Checking defaults for OMS/cmsy/m/n on input line 47.
LaTeX Font Info:    ... okay on input line 47.
LaTeX Font Info:    Checking defaults for OT1/cmr/m/n on input line 47.
LaTeX Font Info:    ... okay on input line 47.
LaTeX Font Info:    Checking defaults for T1/cmr/m/n on input line 47.
LaTeX Font Info:    ... okay on input line 47.
LaTeX Font Info:    Checking defaults for TS1/cmr/m/n on input line 47.
LaTeX Font Info:    ... okay on input line 47.
LaTeX Font Info:    Checking defaults for OMX/cmex/m/n on input line 47.
LaTeX Font Info:    ... okay on input line 47.
LaTeX Font Info:    Checking defaults for U/cmr/m/n on input line 47.
LaTeX Font Info:    ... okay on input line 47.
LaTeX Font Info:    Checking defaults for JY1/mc/m/n on input line 47.
LaTeX Font Info:    ... okay on input line 47.
LaTeX Font Info:    Checking defaults for JT1/mc/m/n on input line 47.
LaTeX Font Info:    ... okay on input line 47.
*geometry* driver: auto-detecting
*geometry* detected driver: dvips
*geometry* verbose mode - [ preamble ] result:
* driver: dvips
* paper: <default>
* layout: <same size as paper>
* layoutoffset:(h,v)=(0.0pt,0.0pt)
* modes: 
* h-part:(L,W,R)=(56.9055pt, 483.69687pt, 56.9055pt)
* v-part:(T,H,B)=(85.35826pt, 674.33032pt, 85.35826pt)
* \paperwidth=597.50787pt
* \paperheight=845.04684pt
* \textwidth=483.69687pt
* \textheight=674.33032pt
* \oddsidemargin=-15.36449pt
* \evensidemargin=-15.36449pt
* \topmargin=-23.91173pt
* \headheight=12.0pt
* \headsep=25.0pt
* \topskip=9.33105pt
* \footskip=30.0pt
* \marginparwidth=83.0pt
* \marginparsep=10.0pt
* \columnsep=10.0pt
* \skip\footins=10.8pt plus 4.0pt minus 2.0pt
* \hoffset=0.0pt
* \voffset=0.0pt
* \mag=1000
* \@twocolumnfalse
* \@twosidefalse
* \@mparswitchfalse
* \@reversemarginfalse
* (1in=72.27pt=25.4mm, 1cm=28.453pt)

(/usr/local/texlive/2022/texmf-dist/tex/latex/translations/translations-basic-dictionary-english.trsl
File: translations-basic-dictionary-english.trsl (english translation file `translations-basic-dictionary')
)
Package translations Info: loading dictionary `translations-basic-dictionary' for `english'. on input line 47.
Package caption Info: Begin \AtBeginDocument code.
Package caption Info: float package is loaded.
Package caption Info: End \AtBeginDocument code.
[1

]
LaTeX Font Info:    Font shape `JT1/mc/bx/n' in size <17.28> not available
(Font)              Font shape `JT1/gt/m/n' tried instead on input line 79.
LaTeX Font Info:    Font shape `JY1/mc/bx/n' in size <17.28> not available
(Font)              Font shape `JY1/gt/m/n' tried instead on input line 79.
[1] (latex-output/submission.toc
LaTeX Font Info:    Font shape `JT1/mc/bx/n' in size <12> not available
(Font)              Font shape `JT1/gt/m/n' tried instead on input line 1.
LaTeX Font Info:    Font shape `JY1/mc/bx/n' in size <12> not available
(Font)              Font shape `JY1/gt/m/n' tried instead on input line 1.
LaTeX Font Info:    Trying to load font information for U+msa on input line 1.
(/usr/local/texlive/2022/texmf-dist/tex/latex/amsfonts/umsa.fd
File: umsa.fd 2013/01/14 v3.01 AMS symbols A
)
LaTeX Font Info:    Trying to load font information for U+msb on input line 1.
(/usr/local/texlive/2022/texmf-dist/tex/latex/amsfonts/umsb.fd
File: umsb.fd 2013/01/14 v3.01 AMS symbols B
))
\tf@toc=\write3
\openout3 = `submission.toc'.

[2

]
LaTeX Font Info:    Font shape `JT1/mc/bx/n' in size <14.4> not available
(Font)              Font shape `JT1/gt/m/n' tried instead on input line 92.
LaTeX Font Info:    Font shape `JY1/mc/bx/n' in size <14.4> not available
(Font)              Font shape `JY1/gt/m/n' tried instead on input line 92.
[1

] [2] [3] [4]
File: ./figure/sec2/spectrogram_1.png Graphic file (type bmp)
<./figure/sec2/spectrogram_1.png>
File: ./figure/sec2/spectrogram_2.png Graphic file (type bmp)
<./figure/sec2/spectrogram_2.png>
File: ./figure/sec2/spectrogram_4.png Graphic file (type bmp)
<./figure/sec2/spectrogram_4.png>
File: ./figure/sec2/spectrogram_8.png Graphic file (type bmp)
<./figure/sec2/spectrogram_8.png>
[5

] [6]
File: ./figure/sec2/melspectrogram.png Graphic file (type bmp)
<./figure/sec2/melspectrogram.png>
[7] [8

]
File: ./figure/sec3/conv1.drawio.png Graphic file (type bmp)
<./figure/sec3/conv1.drawio.png>
File: ./figure/sec3/conv2.drawio.png Graphic file (type bmp)
<./figure/sec3/conv2.drawio.png>
File: ./figure/sec3/conv3.drawio.png Graphic file (type bmp)
<./figure/sec3/conv3.drawio.png>
File: ./figure/sec3/conv4.drawio.png Graphic file (type bmp)
<./figure/sec3/conv4.drawio.png>
[9]
File: ./figure/sec3/tconv1.drawio.png Graphic file (type bmp)
<./figure/sec3/tconv1.drawio.png>
File: ./figure/sec3/tconv2.drawio.png Graphic file (type bmp)
<./figure/sec3/tconv2.drawio.png>
[10] [11]
File: ./figure/sec3/activations.png Graphic file (type bmp)
<./figure/sec3/activations.png>
File: ./figure/sec3/activations_prime.png Graphic file (type bmp)
<./figure/sec3/activations_prime.png>
[12] [13]
File: ./figure/sec3/transformer.drawio.png Graphic file (type bmp)
<./figure/sec3/transformer.drawio.png>
[14] [15] [16] [17] [18] [19] [20] [21] [22]
File: ./figure/sec3/lr_scheduler.png Graphic file (type bmp)
<./figure/sec3/lr_scheduler.png>
[23] [24] [25] [26] [27] [28]
File: ./figure/sec4/model/network.drawio.png Graphic file (type bmp)
<./figure/sec4/model/network.drawio.png>
File: ./figure/sec4/model/hubert.png Graphic file (type bmp)
<./figure/sec4/model/hubert.png>
[29

] [30]
File: ./figure/sec4/model/multi-input_vocoder.png Graphic file (type bmp)
<./figure/sec4/model/multi-input_vocoder.png>
[31]
File: ./figure/sec4/model/mpd.png Graphic file (type bmp)
<./figure/sec4/model/mpd.png>
File: ./figure/sec4/model/msd.png Graphic file (type bmp)
<./figure/sec4/model/msd.png>
[32] [33] [34] [35] [36] [37] [38] [39] [40]
File: ./figure/sec4/learning_curves/0/mel_loss.png Graphic file (type bmp)
<./figure/sec4/learning_curves/0/mel_loss.png>
File: ./figure/sec4/learning_curves/0/ssl_feature_cluster_loss.png Graphic file (type bmp)
<./figure/sec4/learning_curves/0/ssl_feature_cluster_loss.png>
File: ./figure/sec4/learning_curves/0/total_loss.png Graphic file (type bmp)
<./figure/sec4/learning_curves/0/total_loss.png>
File: ./figure/sec4/learning_curves/1/mel_loss.png Graphic file (type bmp)
<./figure/sec4/learning_curves/1/mel_loss.png>
File: ./figure/sec4/learning_curves/1/ssl_feature_cluster_loss.png Graphic file (type bmp)
<./figure/sec4/learning_curves/1/ssl_feature_cluster_loss.png>
File: ./figure/sec4/learning_curves/1/ssl_conv_feature_loss.png Graphic file (type bmp)
<./figure/sec4/learning_curves/1/ssl_conv_feature_loss.png>
File: ./figure/sec4/learning_curves/1/total_loss.png Graphic file (type bmp)
<./figure/sec4/learning_curves/1/total_loss.png>
File: ./figure/sec4/learning_curves/2/mel_loss.png Graphic file (type bmp)
<./figure/sec4/learning_curves/2/mel_loss.png>
File: ./figure/sec4/learning_curves/2/ssl_feature_cluster_loss.png Graphic file (type bmp)
<./figure/sec4/learning_curves/2/ssl_feature_cluster_loss.png>
File: ./figure/sec4/learning_curves/2/total_loss.png Graphic file (type bmp)
<./figure/sec4/learning_curves/2/total_loss.png>
File: ./figure/sec4/learning_curves/3/mel_loss.png Graphic file (type bmp)
<./figure/sec4/learning_curves/3/mel_loss.png>
File: ./figure/sec4/learning_curves/3/ssl_feature_cluster_loss.png Graphic file (type bmp)
<./figure/sec4/learning_curves/3/ssl_feature_cluster_loss.png>
File: ./figure/sec4/learning_curves/3/total_loss.png Graphic file (type bmp)
<./figure/sec4/learning_curves/3/total_loss.png>
File: ./figure/sec4/learning_curves/4/mel_loss.png Graphic file (type bmp)
<./figure/sec4/learning_curves/4/mel_loss.png>
File: ./figure/sec4/learning_curves/4/ssl_feature_cluster_loss.png Graphic file (type bmp)
<./figure/sec4/learning_curves/4/ssl_feature_cluster_loss.png>
File: ./figure/sec4/learning_curves/4/total_loss.png Graphic file (type bmp)
<./figure/sec4/learning_curves/4/total_loss.png>
File: ./figure/sec4/learning_curves/5/mel_loss.png Graphic file (type bmp)
<./figure/sec4/learning_curves/5/mel_loss.png>
File: ./figure/sec4/learning_curves/5/ssl_feature_cluster_loss.png Graphic file (type bmp)
<./figure/sec4/learning_curves/5/ssl_feature_cluster_loss.png>
File: ./figure/sec4/learning_curves/5/total_loss.png Graphic file (type bmp)
<./figure/sec4/learning_curves/5/total_loss.png>
File: ./figure/sec4/obj_metrics/wer_sample_wise_comparison.png Graphic file (type bmp)
<./figure/sec4/obj_metrics/wer_sample_wise_comparison.png>
File: ./figure/sec4/obj_metrics/wer_speaker_wise_comparison.png Graphic file (type bmp)
<./figure/sec4/obj_metrics/wer_speaker_wise_comparison.png>
File: ./figure/sec4/obj_metrics/spk_sim_speaker_wise_comparison.png Graphic file (type bmp)
<./figure/sec4/obj_metrics/spk_sim_speaker_wise_comparison.png>
[41] [42] [43] [44] [45] [46] [47] [48] [49] [50] [51] [52

] [53

] [54

] [55

] (latex-output/submission.bbl
LaTeX Font Info:    Kanji font shape `JY1/gt/m/it' undefined
(Font)              No change on input line 6.
LaTeX Font Info:    Kanji font shape `JY1/gt/m/it' undefined
(Font)              No change on input line 11.
LaTeX Font Info:    Kanji font shape `JY1/gt/m/it' undefined
(Font)              No change on input line 17.
LaTeX Font Info:    Kanji font shape `JY1/gt/m/it' undefined
(Font)              No change on input line 24.
LaTeX Font Info:    Kanji font shape `JY1/gt/m/it' undefined
(Font)              No change on input line 31.
LaTeX Font Info:    Kanji font shape `JY1/gt/m/it' undefined
(Font)              No change on input line 37.
LaTeX Font Info:    Kanji font shape `JY1/gt/m/it' undefined
(Font)              No change on input line 45.
LaTeX Font Info:    Kanji font shape `JY1/gt/m/it' undefined
(Font)              No change on input line 51.
LaTeX Font Info:    Kanji font shape `JY1/gt/m/it' undefined
(Font)              No change on input line 57.
LaTeX Font Info:    Kanji font shape `JY1/gt/m/it' undefined
(Font)              No change on input line 64.
LaTeX Font Info:    Kanji font shape `JY1/gt/m/it' undefined
(Font)              No change on input line 71.
[56

]
LaTeX Font Info:    Kanji font shape `JY1/gt/m/it' undefined
(Font)              No change on input line 78.
LaTeX Font Info:    Kanji font shape `JY1/gt/m/it' undefined
(Font)              No change on input line 86.
LaTeX Font Info:    Kanji font shape `JY1/gt/m/it' undefined
(Font)              No change on input line 92.
LaTeX Font Info:    Kanji font shape `JY1/gt/m/it' undefined
(Font)              No change on input line 99.
LaTeX Font Info:    Kanji font shape `JY1/gt/m/it' undefined
(Font)              No change on input line 108.
LaTeX Font Info:    Kanji font shape `JY1/gt/m/it' undefined
(Font)              No change on input line 115.
LaTeX Font Info:    Kanji font shape `JY1/gt/m/it' undefined
(Font)              No change on input line 121.
LaTeX Font Info:    Kanji font shape `JY1/gt/m/it' undefined
(Font)              No change on input line 128.
[57]
LaTeX Font Info:    Kanji font shape `JY1/gt/m/it' undefined
(Font)              No change on input line 136.
LaTeX Font Info:    Kanji font shape `JY1/gt/m/it' undefined
(Font)              No change on input line 142.
LaTeX Font Info:    Kanji font shape `JY1/gt/m/it' undefined
(Font)              No change on input line 148.
LaTeX Font Info:    Kanji font shape `JY1/gt/m/it' undefined
(Font)              No change on input line 155.
LaTeX Font Info:    Kanji font shape `JY1/gt/m/it' undefined
(Font)              No change on input line 162.
LaTeX Font Info:    Kanji font shape `JY1/gt/m/it' undefined
(Font)              No change on input line 178.
LaTeX Font Info:    Kanji font shape `JY1/gt/m/it' undefined
(Font)              No change on input line 184.
LaTeX Font Info:    Kanji font shape `JY1/gt/m/it' undefined
(Font)              No change on input line 190.
LaTeX Font Info:    Kanji font shape `JY1/gt/m/it' undefined
(Font)              No change on input line 195.
LaTeX Font Info:    Kanji font shape `JY1/gt/m/it' undefined
(Font)              No change on input line 200.
[58]
LaTeX Font Info:    Kanji font shape `JY1/gt/m/it' undefined
(Font)              No change on input line 205.
LaTeX Font Info:    Kanji font shape `JY1/gt/m/it' undefined
(Font)              No change on input line 211.
LaTeX Font Info:    Kanji font shape `JY1/gt/m/it' undefined
(Font)              No change on input line 216.
LaTeX Font Info:    Kanji font shape `JY1/gt/m/it' undefined
(Font)              No change on input line 222.
LaTeX Font Info:    Kanji font shape `JY1/gt/m/it' undefined
(Font)              No change on input line 229.
LaTeX Font Info:    Kanji font shape `JY1/gt/m/it' undefined
(Font)              No change on input line 235.
LaTeX Font Info:    Kanji font shape `JY1/gt/m/it' undefined
(Font)              No change on input line 242.
LaTeX Font Info:    Kanji font shape `JY1/gt/m/it' undefined
(Font)              No change on input line 249.
LaTeX Font Info:    Kanji font shape `JY1/gt/m/it' undefined
(Font)              No change on input line 260.
LaTeX Font Info:    Kanji font shape `JY1/gt/m/it' undefined
(Font)              No change on input line 266.
LaTeX Font Info:    Kanji font shape `JY1/gt/m/it' undefined
(Font)              No change on input line 277.
[59]
LaTeX Font Info:    Kanji font shape `JY1/gt/m/it' undefined
(Font)              No change on input line 285.
LaTeX Font Info:    Kanji font shape `JY1/gt/m/it' undefined
(Font)              No change on input line 292.
) [60] (latex-output/submission.aux) ) 
Here is how much of TeX's memory you used:
 11276 strings out of 478692
 242769 string characters out of 5855915
 537088 words of memory out of 5000000
 29556 multiletter control sequences out of 15000+600000
 491126 words of font info for 113 fonts, out of 8000000 for 9000
 929 hyphenation exceptions out of 8191
 74i,17n,79p,2801b,721s stack positions out of 10000i,1000n,20000p,200000b,200000s

Output written on latex-output/submission.dvi (63 pages, 241152 bytes).
