\BOOKMARK [1][-]{section.1}{序論}{}% 1
\BOOKMARK [2][-]{subsection.1.1}{背景}{section.1}% 2
\BOOKMARK [2][-]{subsection.1.2}{目的}{section.1}% 3
\BOOKMARK [2][-]{subsection.1.3}{本論文の構成}{section.1}% 4
\BOOKMARK [1][-]{section.2}{音声信号処理}{}% 5
\BOOKMARK [2][-]{subsection.2.1}{音声のフーリエ変換}{section.2}% 6
\BOOKMARK [2][-]{subsection.2.2}{メルスペクトログラム}{section.2}% 7
\BOOKMARK [1][-]{section.3}{深層学習}{}% 8
\BOOKMARK [2][-]{subsection.3.1}{DNNの構成要素}{section.3}% 9
\BOOKMARK [3][-]{subsubsection.3.1.1}{全結合層}{subsection.3.1}% 10
\BOOKMARK [3][-]{subsubsection.3.1.2}{畳み込み層}{subsection.3.1}% 11
\BOOKMARK [3][-]{subsubsection.3.1.3}{転置畳み込み層}{subsection.3.1}% 12
\BOOKMARK [3][-]{subsubsection.3.1.4}{活性化関数}{subsection.3.1}% 13
\BOOKMARK [3][-]{subsubsection.3.1.5}{再帰型ニューラルネットワーク}{subsection.3.1}% 14
\BOOKMARK [3][-]{subsubsection.3.1.6}{正規化層}{subsection.3.1}% 15
\BOOKMARK [3][-]{subsubsection.3.1.7}{Transformer}{subsection.3.1}% 16
\BOOKMARK [2][-]{subsection.3.2}{学習方法}{section.3}% 17
\BOOKMARK [3][-]{subsubsection.3.2.1}{損失関数}{subsection.3.2}% 18
\BOOKMARK [3][-]{subsubsection.3.2.2}{勾配降下法}{subsection.3.2}% 19
\BOOKMARK [3][-]{subsubsection.3.2.3}{正則化}{subsection.3.2}% 20
\BOOKMARK [3][-]{subsubsection.3.2.4}{最適化手法}{subsection.3.2}% 21
\BOOKMARK [3][-]{subsubsection.3.2.5}{学習率のスケジューリング}{subsection.3.2}% 22
\BOOKMARK [3][-]{subsubsection.3.2.6}{誤差逆伝播法}{subsection.3.2}% 23
\BOOKMARK [3][-]{subsubsection.3.2.7}{学習の安定化}{subsection.3.2}% 24
\BOOKMARK [1][-]{section.4}{動画音声合成モデルの検討}{}% 25
\BOOKMARK [2][-]{subsection.4.1}{音声合成法}{section.4}% 26
\BOOKMARK [3][-]{subsubsection.4.1.1}{全体像}{subsection.4.1}% 27
\BOOKMARK [3][-]{subsubsection.4.1.2}{ネットワークA}{subsection.4.1}% 28
\BOOKMARK [3][-]{subsubsection.4.1.3}{ネットワークB}{subsection.4.1}% 29
\BOOKMARK [3][-]{subsubsection.4.1.4}{ボコーダ}{subsection.4.1}% 30
\BOOKMARK [3][-]{subsubsection.4.1.5}{損失関数}{subsection.4.1}% 31
\BOOKMARK [2][-]{subsection.4.2}{実験方法}{section.4}% 32
\BOOKMARK [3][-]{subsubsection.4.2.1}{利用したデータセット}{subsection.4.2}% 33
\BOOKMARK [3][-]{subsubsection.4.2.2}{データの前処理}{subsection.4.2}% 34
\BOOKMARK [3][-]{subsubsection.4.2.3}{本実験で利用した事前学習済みモデルについて}{subsection.4.2}% 35
\BOOKMARK [3][-]{subsubsection.4.2.4}{本実験で独自に構築したモデルについて}{subsection.4.2}% 36
\BOOKMARK [3][-]{subsubsection.4.2.5}{学習方法}{subsection.4.2}% 37
\BOOKMARK [3][-]{subsubsection.4.2.6}{客観評価}{subsection.4.2}% 38
\BOOKMARK [3][-]{subsubsection.4.2.7}{主観評価}{subsection.4.2}% 39
\BOOKMARK [2][-]{subsection.4.3}{結果}{section.4}% 40
\BOOKMARK [3][-]{subsubsection.4.3.1}{客観評価1: ベースラインと提案手法の比較}{subsection.4.3}% 41
\BOOKMARK [3][-]{subsubsection.4.3.2}{客観評価2: 提案手法のさらなる検討}{subsection.4.3}% 42
\BOOKMARK [3][-]{subsubsection.4.3.3}{主観評価}{subsection.4.3}% 43
\BOOKMARK [2][-]{subsection.4.4}{考察}{section.4}% 44
\BOOKMARK [3][-]{subsubsection.4.4.1}{ネットワークB（Randomized）について}{subsection.4.4}% 45
\BOOKMARK [3][-]{subsubsection.4.4.2}{ネットワークB（Pretrained）について}{subsection.4.4}% 46
\BOOKMARK [1][-]{section.5}{結論}{}% 47
\BOOKMARK [1][-]{section*.26}{謝辞}{}% 48
\BOOKMARK [1][-]{section*.26}{参考文献}{}% 49
